2018-12-18 17:21:33 [restartedMain]  INFO o.s.b.w.s.c.AnnotationConfigServletWebServerApplicationContext -Refreshing org.springframework.boot.web.servlet.context.AnnotationConfigServletWebServerApplicationContext@1530b114: startup date [Tue Dec 18 17:21:33 CST 2018]; root of context hierarchy
2018-12-18 17:21:35 [restartedMain]  INFO o.s.c.s.PostProcessorRegistrationDelegate$BeanPostProcessorChecker -Bean 'org.springframework.transaction.annotation.ProxyTransactionManagementConfiguration' of type [org.springframework.transaction.annotation.ProxyTransactionManagementConfiguration$$EnhancerBySpringCGLIB$$5352d501] is not eligible for getting processed by all BeanPostProcessors (for example: not eligible for auto-proxying)
2018-12-18 17:21:36 [restartedMain]  INFO o.s.b.w.e.tomcat.TomcatWebServer -Tomcat initialized with port(s): 8080 (http)
2018-12-18 17:21:36 [restartedMain]  INFO o.a.coyote.http11.Http11NioProtocol -Initializing ProtocolHandler ["http-nio-8080"]
2018-12-18 17:21:36 [restartedMain]  INFO o.a.catalina.core.StandardService -Starting service [Tomcat]
2018-12-18 17:21:36 [restartedMain]  INFO o.a.catalina.core.StandardEngine -Starting Servlet Engine: Apache Tomcat/8.5.34
2018-12-18 17:21:36 [localhost-startStop-1]  INFO o.a.c.core.AprLifecycleListener -The APR based Apache Tomcat Native library which allows optimal performance in production environments was not found on the java.library.path: [C:\Program Files\Java\jdk1.8.0_131\bin;C:\WINDOWS\Sun\Java\bin;C:\WINDOWS\system32;C:\WINDOWS;D:\app\yangft\product\11.2.0\client_1\bin;D:\app\yangft\product\11.2.0\dbhome_3\bin;D:\app\yangft\product\11.2.0\dbhome_2\bin;C:\Program Files (x86)\Intel\iCLS Client\;C:\Program Files\Intel\iCLS Client\;C:\WINDOWS\system32;C:\WINDOWS;C:\WINDOWS\System32\Wbem;C:\WINDOWS\System32\WindowsPowerShell\v1.0\;C:\Program Files (x86)\Intel\Intel(R) Management Engine Components\DAL;C:\Program Files\Intel\Intel(R) Management Engine Components\DAL;C:\Program Files (x86)\Intel\Intel(R) Management Engine Components\IPT;C:\Program Files\Intel\Intel(R) Management Engine Components\IPT;C:\Program Files\Java\jdk1.8.0_131\bin;D:\apache-maven-3.5.0\bin;D:\apache-ant-1.10.1\bin;D:\mysql-5.7.18-winx64\bin;C:\Program Files\TortoiseSVN\bin;C:\Program Files (x86)\Git\cmd;C:\Program Files (x86)\HP\IdrsOCR_15.2.10.1114\;C:\WINDOWS\System32\OpenSSH\;C:\Program Files\Intel\WiFi\bin\;C:\Program Files\Common Files\Intel\WirelessCommon\;C:\Users\yangft\AppData\Local\Microsoft\WindowsApps;;C:\Program Files (x86)\SSH Communications Security\SSH Secure Shell;.]
2018-12-18 17:21:37 [localhost-startStop-1]  INFO o.a.c.c.C.[Tomcat].[localhost].[/] -Initializing Spring embedded WebApplicationContext
2018-12-18 17:21:37 [localhost-startStop-1]  INFO o.s.web.context.ContextLoader -Root WebApplicationContext: initialization completed in 3330 ms
2018-12-18 17:21:37 [localhost-startStop-1]  INFO o.s.b.w.s.ServletRegistrationBean -Servlet dispatcherServlet mapped to [/]
2018-12-18 17:21:37 [localhost-startStop-1]  INFO o.s.b.w.s.FilterRegistrationBean -Mapping filter: 'characterEncodingFilter' to: [/*]
2018-12-18 17:21:37 [localhost-startStop-1]  INFO o.s.b.w.s.FilterRegistrationBean -Mapping filter: 'hiddenHttpMethodFilter' to: [/*]
2018-12-18 17:21:37 [localhost-startStop-1]  INFO o.s.b.w.s.FilterRegistrationBean -Mapping filter: 'httpPutFormContentFilter' to: [/*]
2018-12-18 17:21:37 [localhost-startStop-1]  INFO o.s.b.w.s.FilterRegistrationBean -Mapping filter: 'requestContextFilter' to: [/*]
2018-12-18 17:21:37 [restartedMain]  INFO o.s.o.j.LocalContainerEntityManagerFactoryBean -Building JPA container EntityManagerFactory for persistence unit 'default'
2018-12-18 17:21:37 [restartedMain]  INFO o.h.jpa.internal.util.LogHelper -HHH000204: Processing PersistenceUnitInfo [
	name: default
	...]
2018-12-18 17:21:37 [restartedMain]  INFO org.hibernate.Version -HHH000412: Hibernate Core {5.2.17.Final}
2018-12-18 17:21:37 [restartedMain]  INFO org.hibernate.cfg.Environment -HHH000206: hibernate.properties not found
2018-12-18 17:21:37 [restartedMain]  INFO o.h.annotations.common.Version -HCANN000001: Hibernate Commons Annotations {5.0.1.Final}
2018-12-18 17:21:38 [restartedMain]  INFO com.zaxxer.hikari.HikariDataSource -HikariPool-1 - Starting...
2018-12-18 17:21:38 [restartedMain]  INFO com.zaxxer.hikari.pool.PoolBase -HikariPool-1 - Driver does not support get/set network timeout for connections. (com.mysql.jdbc.JDBC4Connection.getNetworkTimeout()I)
2018-12-18 17:21:38 [restartedMain]  INFO com.zaxxer.hikari.HikariDataSource -HikariPool-1 - Start completed.
2018-12-18 17:21:38 [restartedMain]  INFO org.hibernate.dialect.Dialect -HHH000400: Using dialect: org.hibernate.dialect.MySQL5Dialect
2018-12-18 17:21:39 [restartedMain]  WARN org.hibernate.id.UUIDHexGenerator -HHH000409: Using org.hibernate.id.UUIDHexGenerator which does not generate IETF RFC 4122 compliant UUID values; consider using org.hibernate.id.UUIDGenerator instead
2018-12-18 17:21:40 [restartedMain]  INFO o.h.h.i.QueryTranslatorFactoryInitiator -HHH000397: Using ASTQueryTranslatorFactory
2018-12-18 17:21:40 [restartedMain]  INFO o.s.o.j.LocalContainerEntityManagerFactoryBean -Initialized JPA EntityManagerFactory for persistence unit 'default'
2018-12-18 17:21:41 [restartedMain]  INFO o.s.w.s.h.SimpleUrlHandlerMapping -Mapped URL path [/**/favicon.ico] onto handler of type [class org.springframework.web.servlet.resource.ResourceHttpRequestHandler]
2018-12-18 17:21:41 [restartedMain]  INFO o.s.w.s.m.m.a.RequestMappingHandlerAdapter -Looking for @ControllerAdvice: org.springframework.boot.web.servlet.context.AnnotationConfigServletWebServerApplicationContext@1530b114: startup date [Tue Dec 18 17:21:33 CST 2018]; root of context hierarchy
2018-12-18 17:21:41 [restartedMain]  WARN o.s.b.a.o.j.JpaBaseConfiguration$JpaWebConfiguration$JpaWebMvcConfiguration -spring.jpa.open-in-view is enabled by default. Therefore, database queries may be performed during view rendering. Explicitly configure spring.jpa.open-in-view to disable this warning
2018-12-18 17:21:41 [restartedMain]  INFO o.s.w.s.m.m.a.RequestMappingHandlerMapping -Mapped "{[/books/displayHeaderInfo1],methods=[GET]}" onto public void com.example.demo.controller.BookController.displayHeaderInfo1(org.springframework.http.HttpHeaders)
2018-12-18 17:21:41 [restartedMain]  INFO o.s.w.s.m.m.a.RequestMappingHandlerMapping -Mapped "{[/books/displayHeaderInfo],methods=[GET]}" onto public void com.example.demo.controller.BookController.displayHeaderInfo(java.lang.String,java.lang.String,java.lang.String,java.lang.String)
2018-12-18 17:21:41 [restartedMain]  INFO o.s.w.s.m.m.a.RequestMappingHandlerMapping -Mapped "{[/books/getUserList],methods=[GET]}" onto public java.util.List<com.example.demo.entity.Book> com.example.demo.controller.BookController.getUserList()
2018-12-18 17:21:41 [restartedMain]  INFO o.s.w.s.m.m.a.RequestMappingHandlerMapping -Mapped "{[/books/createBook],methods=[POST],produces=[application/json]}" onto public java.lang.String com.example.demo.controller.BookController.createBook(com.example.demo.entity.Book)
2018-12-18 17:21:41 [restartedMain]  INFO o.s.w.s.m.m.a.RequestMappingHandlerMapping -Mapped "{[/books/createBook2],methods=[POST],produces=[text/xml]}" onto public java.lang.String com.example.demo.controller.BookController.createBook2(java.lang.String)
2018-12-18 17:21:41 [restartedMain]  INFO o.s.w.s.m.m.a.RequestMappingHandlerMapping -Mapped "{[/books/createBook1],methods=[POST],produces=[application/x-www-form-urlencoded]}" onto public java.lang.String com.example.demo.controller.BookController.createBook1(java.lang.String,java.lang.String)
2018-12-18 17:21:41 [restartedMain]  INFO o.s.w.s.m.m.a.RequestMappingHandlerMapping -Mapped "{[/books/getBook1/{bookId}],methods=[GET]}" onto public java.lang.Long com.example.demo.controller.BookController.getBook1(java.lang.Long)
2018-12-18 17:21:41 [restartedMain]  INFO o.s.w.s.m.m.a.RequestMappingHandlerMapping -Mapped "{[/books/updateBook/{bookId}],methods=[PUT]}" onto public java.lang.String com.example.demo.controller.BookController.updateBook(java.lang.Long,com.example.demo.entity.Book)
2018-12-18 17:21:41 [restartedMain]  INFO o.s.w.s.m.m.a.RequestMappingHandlerMapping -Mapped "{[/books/delete/{bookId}],methods=[DELETE]}" onto public java.lang.String com.example.demo.controller.BookController.deleteBook(java.lang.Long)
2018-12-18 17:21:41 [restartedMain]  INFO o.s.w.s.m.m.a.RequestMappingHandlerMapping -Mapped "{[/books/getBook],methods=[GET]}" onto public java.lang.Long com.example.demo.controller.BookController.getBook(java.lang.Long,java.lang.String)
2018-12-18 17:21:41 [restartedMain]  INFO o.s.w.s.m.m.a.RequestMappingHandlerMapping -Mapped "{[/books/createBook3],methods=[POST],produces=[multipart/form-data]}" onto public java.lang.String com.example.demo.controller.BookController.createBook3(org.springframework.web.multipart.MultipartFile[],java.lang.String)
2018-12-18 17:21:41 [restartedMain]  INFO o.s.w.s.m.m.a.RequestMappingHandlerMapping -Mapped "{[/users/{username}],methods=[GET],consumes=[application/json]}" onto public java.lang.String com.example.demo.controller.UserController.getUser(java.lang.String,java.lang.String)
2018-12-18 17:21:41 [restartedMain]  INFO o.s.w.s.m.m.a.RequestMappingHandlerMapping -Mapped "{[/hello1]}" onto public java.lang.String com.example.demo.controller.UserController.hello1()
2018-12-18 17:21:41 [restartedMain]  INFO o.s.w.s.m.m.a.RequestMappingHandlerMapping -Mapped "{[/hello]}" onto public java.lang.String com.example.demo.controller.UserController.hello()
2018-12-18 17:21:41 [restartedMain]  INFO o.s.w.s.m.m.a.RequestMappingHandlerMapping -Mapped "{[/error]}" onto public org.springframework.http.ResponseEntity<java.util.Map<java.lang.String, java.lang.Object>> org.springframework.boot.autoconfigure.web.servlet.error.BasicErrorController.error(javax.servlet.http.HttpServletRequest)
2018-12-18 17:21:41 [restartedMain]  INFO o.s.w.s.m.m.a.RequestMappingHandlerMapping -Mapped "{[/error],produces=[text/html]}" onto public org.springframework.web.servlet.ModelAndView org.springframework.boot.autoconfigure.web.servlet.error.BasicErrorController.errorHtml(javax.servlet.http.HttpServletRequest,javax.servlet.http.HttpServletResponse)
2018-12-18 17:21:41 [restartedMain]  INFO o.s.w.s.h.SimpleUrlHandlerMapping -Mapped URL path [/webjars/**] onto handler of type [class org.springframework.web.servlet.resource.ResourceHttpRequestHandler]
2018-12-18 17:21:41 [restartedMain]  INFO o.s.w.s.h.SimpleUrlHandlerMapping -Mapped URL path [/**] onto handler of type [class org.springframework.web.servlet.resource.ResourceHttpRequestHandler]
2018-12-18 17:21:41 [restartedMain]  WARN o.s.b.a.t.ThymeleafAutoConfiguration$DefaultTemplateResolverConfiguration -Cannot find template location: classpath:/templates/ (please add some templates or check your Thymeleaf configuration)
2018-12-18 17:21:42 [restartedMain]  INFO o.s.b.d.a.OptionalLiveReloadServer -LiveReload server is running on port 35729
2018-12-18 17:21:42 [restartedMain]  INFO o.s.j.e.a.AnnotationMBeanExporter -Registering beans for JMX exposure on startup
2018-12-18 17:21:42 [restartedMain]  INFO o.s.j.e.a.AnnotationMBeanExporter -Bean with name 'dataSource' has been autodetected for JMX exposure
2018-12-18 17:21:42 [restartedMain]  INFO o.s.j.e.a.AnnotationMBeanExporter -Located MBean 'dataSource': registering with JMX server as MBean [com.zaxxer.hikari:name=dataSource,type=HikariDataSource]
2018-12-18 17:21:42 [restartedMain]  INFO o.a.coyote.http11.Http11NioProtocol -Starting ProtocolHandler ["http-nio-8080"]
2018-12-18 17:21:42 [restartedMain]  INFO o.a.tomcat.util.net.NioSelectorPool -Using a shared selector for servlet write/read
2018-12-18 17:21:42 [restartedMain]  INFO o.s.b.w.e.tomcat.TomcatWebServer -Tomcat started on port(s): 8080 (http) with context path ''
2018-12-18 17:22:08 [http-nio-8080-exec-2]  INFO o.a.c.c.C.[Tomcat].[localhost].[/] -Initializing Spring FrameworkServlet 'dispatcherServlet'
2018-12-18 17:22:08 [http-nio-8080-exec-2]  INFO o.s.web.servlet.DispatcherServlet -FrameworkServlet 'dispatcherServlet': initialization started
2018-12-18 17:22:08 [http-nio-8080-exec-2]  INFO o.s.web.servlet.DispatcherServlet -FrameworkServlet 'dispatcherServlet': initialization completed in 43 ms
2018-12-18 17:25:31 [RMI TCP Connection(2)-127.0.0.1]  INFO o.s.b.a.SpringApplicationAdminMXBeanRegistrar$SpringApplicationAdmin -Application shutdown requested.
2018-12-18 17:25:31 [RMI TCP Connection(2)-127.0.0.1]  INFO o.s.b.w.s.c.AnnotationConfigServletWebServerApplicationContext -Closing org.springframework.boot.web.servlet.context.AnnotationConfigServletWebServerApplicationContext@1530b114: startup date [Tue Dec 18 17:21:33 CST 2018]; root of context hierarchy
2018-12-18 17:25:31 [RMI TCP Connection(2)-127.0.0.1]  INFO o.s.j.e.a.AnnotationMBeanExporter -Unregistering JMX-exposed beans on shutdown
2018-12-18 17:25:31 [RMI TCP Connection(2)-127.0.0.1]  INFO o.s.j.e.a.AnnotationMBeanExporter -Unregistering JMX-exposed beans
2018-12-18 17:25:31 [RMI TCP Connection(2)-127.0.0.1]  INFO o.s.o.j.LocalContainerEntityManagerFactoryBean -Closing JPA EntityManagerFactory for persistence unit 'default'
2018-12-18 17:25:31 [RMI TCP Connection(2)-127.0.0.1]  INFO com.zaxxer.hikari.HikariDataSource -HikariPool-1 - Shutdown initiated...
2018-12-18 17:25:31 [RMI TCP Connection(2)-127.0.0.1]  INFO com.zaxxer.hikari.HikariDataSource -HikariPool-1 - Shutdown completed.
